[2025-02-19 19:33:38] [ERROR] [JavaFX Application Thread] org.example.javafxprojekt.main.Main - Error while opening new window - Invalid URL: Invalid URL or resource not found 
[2025-02-19 19:33:39] [ERROR] [JavaFX Application Thread] org.example.javafxprojekt.main.Main - Error while opening new window - Invalid URL: Invalid URL or resource not found 
[2025-02-19 19:33:40] [ERROR] [JavaFX Application Thread] org.example.javafxprojekt.main.Main - Error while opening new window - Invalid URL: Invalid URL or resource not found 
[2025-02-19 19:33:40] [ERROR] [JavaFX Application Thread] org.example.javafxprojekt.main.Main - Error while opening new window - Invalid URL: Invalid URL or resource not found 
[2025-02-19 19:33:40] [ERROR] [JavaFX Application Thread] org.example.javafxprojekt.main.Main - Error while opening new window - Invalid URL: Invalid URL or resource not found 
[2025-02-19 19:33:42] [ERROR] [JavaFX Application Thread] org.example.javafxprojekt.main.Main - Error while opening new window - Invalid URL: Invalid URL or resource not found 
[2025-02-19 19:33:43] [ERROR] [JavaFX Application Thread] org.example.javafxprojekt.main.Main - Error while opening new window - Invalid URL: Invalid URL or resource not found 
[2025-02-19 19:33:44] [ERROR] [JavaFX Application Thread] org.example.javafxprojekt.main.Main - Error while opening new window - Invalid URL: Invalid URL or resource not found 
[2025-02-19 19:33:44] [ERROR] [JavaFX Application Thread] org.example.javafxprojekt.main.Main - Error while opening new window - Invalid URL: Invalid URL or resource not found 
[2025-02-19 19:33:46] [ERROR] [JavaFX Application Thread] org.example.javafxprojekt.main.Main - Error while opening new window - Invalid URL: Invalid URL or resource not found 
[2025-02-19 19:33:49] [ERROR] [JavaFX Application Thread] org.example.javafxprojekt.main.Main - Error while opening new window - Invalid URL: Invalid URL or resource not found 
[2025-02-19 19:33:49] [ERROR] [JavaFX Application Thread] org.example.javafxprojekt.main.Main - Error while opening new window - Invalid URL: Invalid URL or resource not found 
[2025-02-19 19:33:49] [ERROR] [JavaFX Application Thread] org.example.javafxprojekt.main.Main - Error while opening new window - Invalid URL: Invalid URL or resource not found 
[2025-02-19 19:33:50] [ERROR] [JavaFX Application Thread] org.example.javafxprojekt.main.Main - Error while opening new window - Invalid URL: Invalid URL or resource not found 
[2025-02-19 19:33:55] [ERROR] [JavaFX Application Thread] org.example.javafxprojekt.main.Main - Error while opening new window - Invalid URL: Invalid URL or resource not found 
[2025-02-19 19:34:14] [ERROR] [JavaFX Application Thread] org.example.javafxprojekt.main.Main - Error while opening new window - Invalid URL: Invalid URL or resource not found 
[2025-02-19 19:35:02] [ERROR] [JavaFX Application Thread] org.example.javafxprojekt.main.Main - Error while opening new window - Invalid URL: Invalid URL or resource not found 
[2025-02-19 19:35:13] [ERROR] [JavaFX Application Thread] org.example.javafxprojekt.main.Main - Error while opening new window - Invalid URL: Invalid URL or resource not found 
[2025-02-19 19:35:14] [ERROR] [JavaFX Application Thread] org.example.javafxprojekt.main.Main - Error while opening new window - Invalid URL: Invalid URL or resource not found 
[2025-02-19 19:35:14] [ERROR] [JavaFX Application Thread] org.example.javafxprojekt.main.Main - Error while opening new window - Invalid URL: Invalid URL or resource not found 
[2025-02-19 19:35:14] [ERROR] [JavaFX Application Thread] org.example.javafxprojekt.main.Main - Error while opening new window - Invalid URL: Invalid URL or resource not found 
[2025-02-19 19:35:15] [ERROR] [JavaFX Application Thread] org.example.javafxprojekt.main.Main - Error while opening new window - Invalid URL: Invalid URL or resource not found 
[2025-02-19 19:35:16] [ERROR] [JavaFX Application Thread] org.example.javafxprojekt.main.Main - Error while opening new window - Invalid URL: Invalid URL or resource not found 
[2025-02-19 19:37:01] [ERROR] [JavaFX Application Thread] org.example.javafxprojekt.main.Main - Error while opening new window - Invalid URL: Invalid URL or resource not found 
[2025-02-19 20:22:45] [ERROR] [JavaFX Application Thread] org.example.javafxprojekt.main.Main - Could not open database connection! 
[2025-02-19 20:23:22] [ERROR] [JavaFX Application Thread] org.example.javafxprojekt.main.Main - Could not open database connection! 
[2025-02-19 20:23:47] [ERROR] [JavaFX Application Thread] org.example.javafxprojekt.main.Main - Could not get all tickets! 
[2025-02-19 20:24:30] [ERROR] [JavaFX Application Thread] org.example.javafxprojekt.main.Main - Could not open database connection! 
[2025-02-19 20:25:49] [ERROR] [JavaFX Application Thread] org.example.javafxprojekt.main.Main - Could not open database connection! 
[2025-02-19 20:27:10] [ERROR] [JavaFX Application Thread] org.example.javafxprojekt.main.Main - Could not open database connection! 
[2025-02-19 20:27:22] [ERROR] [JavaFX Application Thread] org.example.javafxprojekt.main.Main - Could not open database connection! 
[2025-02-19 20:36:57] [ERROR] [JavaFX Application Thread] org.example.javafxprojekt.main.Main - Could not open database connection! 
[2025-02-19 20:38:12] [ERROR] [JavaFX Application Thread] org.example.javafxprojekt.main.Main - Could not open database connection! 
[2025-02-19 20:39:42] [ERROR] [JavaFX Application Thread] org.example.javafxprojekt.main.Main - Could not open database connection! 
[2025-02-19 20:39:44] [ERROR] [JavaFX Application Thread] org.example.javafxprojekt.main.Main - Could not open database connection! 
[2025-02-19 20:40:18] [ERROR] [JavaFX Application Thread] org.example.javafxprojekt.main.Main - Could not open database connection! 
[2025-02-19 20:40:20] [ERROR] [JavaFX Application Thread] org.example.javafxprojekt.main.Main - Could not open database connection! 
[2025-02-19 20:40:23] [ERROR] [JavaFX Application Thread] org.example.javafxprojekt.main.Main - Could not open database connection! 
[2025-02-19 20:42:10] [ERROR] [JavaFX Application Thread] org.example.javafxprojekt.main.Main - Could not get agent with email: a@a.com 
[2025-02-19 20:42:16] [ERROR] [JavaFX Application Thread] org.example.javafxprojekt.main.Main - Could not get agent with email: a@a.com 
[2025-02-19 20:48:56] [ERROR] [JavaFX Application Thread] org.example.javafxprojekt.main.Main - Could not open database connection! 
[2025-02-19 20:48:57] [ERROR] [JavaFX Application Thread] org.example.javafxprojekt.main.Main - Could not open database connection! 
[2025-02-19 20:48:59] [ERROR] [JavaFX Application Thread] org.example.javafxprojekt.main.Main - Could not open database connection! 
[2025-02-19 20:49:01] [ERROR] [JavaFX Application Thread] org.example.javafxprojekt.main.Main - Could not open database connection! 
[2025-02-19 20:49:03] [ERROR] [JavaFX Application Thread] org.example.javafxprojekt.main.Main - Could not open database connection! 
[2025-02-19 20:49:05] [ERROR] [JavaFX Application Thread] org.example.javafxprojekt.main.Main - Could not open database connection! 
[2025-02-19 20:49:08] [ERROR] [JavaFX Application Thread] org.example.javafxprojekt.main.Main - Could not open database connection! 
[2025-02-19 20:49:09] [ERROR] [JavaFX Application Thread] org.example.javafxprojekt.main.Main - Could not open database connection! 
[2025-02-19 20:49:12] [ERROR] [JavaFX Application Thread] org.example.javafxprojekt.main.Main - Could not open database connection! 
[2025-02-19 20:49:14] [ERROR] [JavaFX Application Thread] org.example.javafxprojekt.main.Main - Could not open database connection! 
[2025-02-19 20:49:15] [ERROR] [JavaFX Application Thread] org.example.javafxprojekt.main.Main - Could not open database connection! 
[2025-02-19 20:49:18] [ERROR] [JavaFX Application Thread] org.example.javafxprojekt.main.Main - Could not open database connection! 
[2025-02-19 20:49:20] [ERROR] [JavaFX Application Thread] org.example.javafxprojekt.main.Main - Could not open database connection! 
[2025-02-19 20:49:21] [ERROR] [JavaFX Application Thread] org.example.javafxprojekt.main.Main - Could not open database connection! 
[2025-02-19 20:49:24] [ERROR] [JavaFX Application Thread] org.example.javafxprojekt.main.Main - Could not open database connection! 
[2025-02-19 20:49:25] [ERROR] [JavaFX Application Thread] org.example.javafxprojekt.main.Main - Could not open database connection! 
[2025-02-19 20:49:27] [ERROR] [JavaFX Application Thread] org.example.javafxprojekt.main.Main - Could not open database connection! 
[2025-02-19 20:49:30] [ERROR] [JavaFX Application Thread] org.example.javafxprojekt.main.Main - Could not open database connection! 
[2025-02-19 20:49:31] [ERROR] [JavaFX Application Thread] org.example.javafxprojekt.main.Main - Could not open database connection! 
[2025-02-19 20:49:34] [ERROR] [JavaFX Application Thread] org.example.javafxprojekt.main.Main - Could not open database connection! 
[2025-02-19 20:49:35] [ERROR] [JavaFX Application Thread] org.example.javafxprojekt.main.Main - Could not open database connection! 
[2025-02-19 20:49:37] [ERROR] [JavaFX Application Thread] org.example.javafxprojekt.main.Main - Could not open database connection! 
[2025-02-19 20:49:40] [ERROR] [JavaFX Application Thread] org.example.javafxprojekt.main.Main - Could not open database connection! 
[2025-02-19 20:49:41] [ERROR] [JavaFX Application Thread] org.example.javafxprojekt.main.Main - Could not open database connection! 
[2025-02-19 20:49:43] [ERROR] [JavaFX Application Thread] org.example.javafxprojekt.main.Main - Could not open database connection! 
[2025-02-19 20:49:46] [ERROR] [JavaFX Application Thread] org.example.javafxprojekt.main.Main - Could not open database connection! 
[2025-02-19 20:49:47] [ERROR] [JavaFX Application Thread] org.example.javafxprojekt.main.Main - Could not open database connection! 
[2025-02-19 20:49:50] [ERROR] [JavaFX Application Thread] org.example.javafxprojekt.main.Main - Could not open database connection! 
[2025-02-19 20:49:51] [ERROR] [JavaFX Application Thread] org.example.javafxprojekt.main.Main - Could not open database connection! 
[2025-02-19 20:49:53] [ERROR] [JavaFX Application Thread] org.example.javafxprojekt.main.Main - Could not open database connection! 
[2025-02-19 20:49:55] [ERROR] [JavaFX Application Thread] org.example.javafxprojekt.main.Main - Could not open database connection! 
[2025-02-19 20:49:58] [ERROR] [JavaFX Application Thread] org.example.javafxprojekt.main.Main - Could not open database connection! 
[2025-02-19 20:49:59] [ERROR] [JavaFX Application Thread] org.example.javafxprojekt.main.Main - Could not open database connection! 
[2025-02-19 20:50:02] [ERROR] [JavaFX Application Thread] org.example.javafxprojekt.main.Main - Could not open database connection! 
[2025-02-19 20:50:04] [ERROR] [JavaFX Application Thread] org.example.javafxprojekt.main.Main - Could not open database connection! 
[2025-02-19 20:50:06] [ERROR] [JavaFX Application Thread] org.example.javafxprojekt.main.Main - Could not open database connection! 
[2025-02-19 20:50:08] [ERROR] [JavaFX Application Thread] org.example.javafxprojekt.main.Main - Could not open database connection! 
[2025-02-19 20:50:09] [ERROR] [JavaFX Application Thread] org.example.javafxprojekt.main.Main - Could not open database connection! 
[2025-02-19 20:52:31] [ERROR] [JavaFX Application Thread] org.example.javafxprojekt.main.Main - Error while opening ticket details window - Cannot invoke "hr.java.entity.Customer.getFirstName()" because "customer" is null 
[2025-02-19 20:52:32] [ERROR] [JavaFX Application Thread] org.example.javafxprojekt.main.Main - Error while opening ticket details window - Cannot invoke "hr.java.entity.Customer.getFirstName()" because "customer" is null 
[2025-02-19 20:52:42] [ERROR] [JavaFX Application Thread] org.example.javafxprojekt.main.Main - Error while opening ticket details window - Cannot invoke "hr.java.entity.Customer.getFirstName()" because "customer" is null 
[2025-02-19 20:52:44] [ERROR] [JavaFX Application Thread] org.example.javafxprojekt.main.Main - Error while opening ticket details window - Cannot invoke "hr.java.entity.Customer.getFirstName()" because "customer" is null 
[2025-02-19 20:52:46] [ERROR] [JavaFX Application Thread] org.example.javafxprojekt.main.Main - Error while opening ticket details window - Cannot invoke "hr.java.entity.Customer.getFirstName()" because "customer" is null 
[2025-02-19 20:52:46] [ERROR] [JavaFX Application Thread] org.example.javafxprojekt.main.Main - Error while opening ticket details window - Cannot invoke "hr.java.entity.Customer.getFirstName()" because "customer" is null 
[2025-02-19 20:52:47] [ERROR] [JavaFX Application Thread] org.example.javafxprojekt.main.Main - Error while opening ticket details window - Cannot invoke "hr.java.entity.Customer.getFirstName()" because "customer" is null 
[2025-02-19 20:52:47] [ERROR] [JavaFX Application Thread] org.example.javafxprojekt.main.Main - Error while opening ticket details window - Cannot invoke "hr.java.entity.Customer.getFirstName()" because "customer" is null 
[2025-02-19 20:52:49] [ERROR] [JavaFX Application Thread] org.example.javafxprojekt.main.Main - Error while opening ticket details window - Cannot invoke "hr.java.entity.Customer.getFirstName()" because "customer" is null 
[2025-02-19 20:52:51] [ERROR] [JavaFX Application Thread] org.example.javafxprojekt.main.Main - Error while opening ticket details window - Cannot invoke "hr.java.entity.Customer.getFirstName()" because "customer" is null 
[2025-02-19 20:56:07] [ERROR] [JavaFX Application Thread] org.example.javafxprojekt.main.Main - Error while opening ticket details window - Cannot invoke "hr.java.entity.Customer.getFirstName()" because "customer" is null 
[2025-02-19 20:56:09] [ERROR] [JavaFX Application Thread] org.example.javafxprojekt.main.Main - Error while opening ticket details window - Cannot invoke "hr.java.entity.Customer.getFirstName()" because "customer" is null 
[2025-02-19 20:56:18] [ERROR] [JavaFX Application Thread] org.example.javafxprojekt.main.Main - Error while opening ticket details window - Cannot invoke "hr.java.entity.Customer.getFirstName()" because "customer" is null 
[2025-02-19 20:56:20] [ERROR] [JavaFX Application Thread] org.example.javafxprojekt.main.Main - Error while opening ticket details window - Cannot invoke "hr.java.entity.Customer.getFirstName()" because "customer" is null 
[2025-02-19 20:58:36] [ERROR] [JavaFX Application Thread] org.example.javafxprojekt.main.Main - Error while opening ticket details window - Cannot invoke "hr.java.entity.Customer.getFirstName()" because "customer" is null 
[2025-02-19 20:59:38] [ERROR] [JavaFX Application Thread] org.example.javafxprojekt.main.Main - Error while opening ticket details window - Cannot invoke "hr.java.entity.Customer.getFirstName()" because "customer" is null 
[2025-02-19 20:59:38] [ERROR] [JavaFX Application Thread] org.example.javafxprojekt.main.Main - Error while opening ticket details window - Cannot invoke "hr.java.entity.Customer.getFirstName()" because "customer" is null 
[2025-02-19 20:59:38] [ERROR] [JavaFX Application Thread] org.example.javafxprojekt.main.Main - Error while opening ticket details window - Cannot invoke "hr.java.entity.Customer.getFirstName()" because "customer" is null 
[2025-02-19 20:59:39] [ERROR] [JavaFX Application Thread] org.example.javafxprojekt.main.Main - Error while opening ticket details window - Cannot invoke "hr.java.entity.Customer.getFirstName()" because "customer" is null 
[2025-02-19 20:59:39] [ERROR] [JavaFX Application Thread] org.example.javafxprojekt.main.Main - Error while opening ticket details window - Cannot invoke "hr.java.entity.Customer.getFirstName()" because "customer" is null 
[2025-02-19 20:59:39] [ERROR] [JavaFX Application Thread] org.example.javafxprojekt.main.Main - Error while opening ticket details window - Cannot invoke "hr.java.entity.Customer.getFirstName()" because "customer" is null 
[2025-02-19 21:00:42] [ERROR] [JavaFX Application Thread] org.example.javafxprojekt.main.Main - Error while opening ticket details window - Cannot invoke "hr.java.entity.Customer.getFirstName()" because "customer" is null 
[2025-02-19 21:02:32] [ERROR] [JavaFX Application Thread] org.example.javafxprojekt.main.Main - Error while opening ticket details window - Cannot invoke "hr.java.entity.Customer.getFirstName()" because "customer" is null 
[2025-02-19 21:02:34] [ERROR] [JavaFX Application Thread] org.example.javafxprojekt.main.Main - Error while opening ticket details window - Cannot invoke "hr.java.entity.Customer.getFirstName()" because "customer" is null 
[2025-02-19 21:02:34] [ERROR] [JavaFX Application Thread] org.example.javafxprojekt.main.Main - Error while opening ticket details window - Cannot invoke "hr.java.entity.Customer.getFirstName()" because "customer" is null 
[2025-02-19 21:02:35] [ERROR] [JavaFX Application Thread] org.example.javafxprojekt.main.Main - Error while opening ticket details window - Cannot invoke "hr.java.entity.Customer.getFirstName()" because "customer" is null 
[2025-02-19 21:03:18] [ERROR] [JavaFX Application Thread] org.example.javafxprojekt.main.Main - Error while opening ticket details window - Cannot invoke "hr.java.entity.Customer.getFirstName()" because "customer" is null 
[2025-02-19 21:03:20] [ERROR] [JavaFX Application Thread] org.example.javafxprojekt.main.Main - Error while opening ticket details window - Cannot invoke "hr.java.entity.Customer.getFirstName()" because "customer" is null 
[2025-02-19 21:04:25] [ERROR] [JavaFX Application Thread] org.example.javafxprojekt.main.Main - Error while opening ticket details window - Cannot invoke "hr.java.entity.Customer.getFirstName()" because "customer" is null 
[2025-02-19 21:04:29] [ERROR] [JavaFX Application Thread] org.example.javafxprojekt.main.Main - Error while opening ticket details window - Cannot invoke "hr.java.entity.Customer.getFirstName()" because "customer" is null 
[2025-02-19 21:04:30] [ERROR] [JavaFX Application Thread] org.example.javafxprojekt.main.Main - Error while opening ticket details window - Cannot invoke "hr.java.entity.Customer.getFirstName()" because "customer" is null 
[2025-02-19 21:04:33] [ERROR] [JavaFX Application Thread] org.example.javafxprojekt.main.Main - Error while opening ticket details window - Cannot invoke "hr.java.entity.Customer.getFirstName()" because "customer" is null 
[2025-02-19 21:04:34] [ERROR] [JavaFX Application Thread] org.example.javafxprojekt.main.Main - Error while opening ticket details window - Cannot invoke "hr.java.entity.Customer.getFirstName()" because "customer" is null 
[2025-02-19 22:21:20] [ERROR] [JavaFX Application Thread] org.example.javafxprojekt.main.Main - Input is empty! 
[2025-02-19 22:21:20] [ERROR] [JavaFX Application Thread] org.example.javafxprojekt.main.Main - Ticket - First name field can't be empty! 
[2025-02-19 22:21:20] [ERROR] [JavaFX Application Thread] org.example.javafxprojekt.main.Main - Input is empty! 
[2025-02-19 22:21:20] [ERROR] [JavaFX Application Thread] org.example.javafxprojekt.main.Main - Ticket - Last name field can't be empty! 
[2025-02-19 22:21:20] [ERROR] [JavaFX Application Thread] org.example.javafxprojekt.main.Main - Input is empty! 
[2025-02-19 22:21:20] [ERROR] [JavaFX Application Thread] org.example.javafxprojekt.main.Main - Ticket - E-mail field can't be empty! 
[2025-02-19 22:21:20] [ERROR] [JavaFX Application Thread] org.example.javafxprojekt.main.Main - Input is empty! 
[2025-02-19 22:21:20] [ERROR] [JavaFX Application Thread] org.example.javafxprojekt.main.Main - Ticket - Summary field can't be empty! 
[2025-02-19 22:27:12] [ERROR] [JavaFX Application Thread] org.example.javafxprojekt.main.Main - Input is empty! 
[2025-02-19 22:27:12] [ERROR] [JavaFX Application Thread] org.example.javafxprojekt.main.Main - Agent - Password field can't be empty! 
[2025-02-19 22:29:15] [ERROR] [JavaFX Application Thread] org.example.javafxprojekt.main.Main - Email is not valid! 
[2025-02-19 22:29:15] [ERROR] [JavaFX Application Thread] org.example.javafxprojekt.main.Main - Invalid email address! 
[2025-02-20 06:48:18] [ERROR] [JavaFX Application Thread] org.example.javafxprojekt.main.Main - Input is empty! 
[2025-02-20 06:48:18] [ERROR] [JavaFX Application Thread] org.example.javafxprojekt.main.Main - Ticket - First name field can't be empty! 
[2025-02-20 06:48:18] [ERROR] [JavaFX Application Thread] org.example.javafxprojekt.main.Main - Input is empty! 
[2025-02-20 06:48:18] [ERROR] [JavaFX Application Thread] org.example.javafxprojekt.main.Main - Ticket - Last name field can't be empty! 
[2025-02-20 06:48:18] [ERROR] [JavaFX Application Thread] org.example.javafxprojekt.main.Main - Input is empty! 
[2025-02-20 06:48:18] [ERROR] [JavaFX Application Thread] org.example.javafxprojekt.main.Main - Ticket - E-mail field can't be empty! 
[2025-02-20 06:48:18] [ERROR] [JavaFX Application Thread] org.example.javafxprojekt.main.Main - Input is empty! 
[2025-02-20 06:48:18] [ERROR] [JavaFX Application Thread] org.example.javafxprojekt.main.Main - Ticket - Summary field can't be empty! 
